<?xml version="1.0" encoding="UTF-8"?>
<!-- Generated by org.testng.reporters.JUnitXMLReporter -->
<testsuite hostname="Gunjan-PC" name="Regression suite 1" tests="1" failures="0" timestamp="2 Jun 2015 17:03:54 GMT" time="0.198" errors="0">
  <testcase name="@BeforeClass beforetest" time="0.0" classname="testcase.FlightReservation">
    <failure type="java.lang.NoClassDefFoundError" message="com/google/common/base/Function">
      <![CDATA[java.lang.NoClassDefFoundError: com/google/common/base/Function
	at pageObjects.BaseClass.openconnection(BaseClass.java:14)
	at testcase.FlightReservation.beforetest(FlightReservation.java:18)
Caused by: java.lang.ClassNotFoundException: com.google.common.base.Function
	at java.net.URLClassLoader.findClass(Unknown Source)
	at java.lang.ClassLoader.loadClass(Unknown Source)
	at sun.misc.Launcher$AppClassLoader.loadClass(Unknown Source)
	at java.lang.ClassLoader.loadClass(Unknown Source)
	... 26 more
... Removed 24 stack frames]]>
    </failure>
  </testcase> <!-- @BeforeClass beforetest -->
  <testcase name="@AfterClass aftertest" time="0.0" classname="testcase.FlightReservation">
    <skipped/>
  </testcase> <!-- @AfterClass aftertest -->
  <testcase name="test" time="0.001" classname="testcase.FlightReservation">
    <skipped/>
  </testcase> <!-- test -->
</testsuite> <!-- Regression suite 1 -->
