<?xml version="1.0" encoding="UTF-8"?>
<!-- Generated by org.testng.reporters.JUnitXMLReporter -->
<testsuite hostname="Gunjan-PC" name="Test" tests="7" failures="0" timestamp="4 Jan 2016 16:10:10 GMT" time="53.645" errors="0">
  <testcase name="test" time="5.396" classname="testcase.FlightReservation"/>
  <testcase name="test" time="2.97" classname="testcase.FlightReservation"/>
  <testcase name="searchFlightTest" time="1.86" classname="testcase.FlightReservation"/>
  <testcase name="searchForFlightReservation" time="3.992" classname="testcase.FlightReservation"/>
  <testcase name="sortedPrice" time="1.41" classname="testcase.FlightReservation"/>
  <testcase name="validateSelectedFlight" time="2.837" classname="testcase.FlightReservation"/>
  <testcase name="bookFlight" time="3.59" classname="testcase.FlightReservation"/>
</testsuite> <!-- Test -->
