<?xml version="1.0" encoding="UTF-8"?>
<!-- Generated by org.testng.reporters.JUnitXMLReporter -->
<testsuite hostname="Gunjan-PC" name="Test" tests="7" failures="0" timestamp="7 Jan 2016 16:32:19 GMT" time="40.741" errors="0">
  <testcase name="test" time="3.404" classname="testcase.FlightReservation"/>
  <testcase name="test" time="2.474" classname="testcase.FlightReservation"/>
  <testcase name="searchFlightTest" time="1.809" classname="testcase.FlightReservation"/>
  <testcase name="searchForFlightReservation" time="2.932" classname="testcase.FlightReservation"/>
  <testcase name="sortedPrice" time="1.321" classname="testcase.FlightReservation"/>
  <testcase name="validateSelectedFlight" time="2.882" classname="testcase.FlightReservation"/>
  <testcase name="bookFlight" time="2.602" classname="testcase.FlightReservation"/>
</testsuite>
